<?xml version="1.0" encoding="UTF-8"?>
<testsuite xmlns:xsi="http://www.w3.org/2001/XMLSchema-instance" xsi:noNamespaceSchemaLocation="https://maven.apache.org/surefire/maven-surefire-plugin/xsd/surefire-test-report-3.0.xsd" version="3.0" name="com.olive.TaskmanagerApplicationTests" time="12.266" tests="1" errors="0" skipped="0" failures="0">
  <properties>
[...]
</properties>
  <testcase name="contextLoads" classname="com.olive.TaskmanagerApplicationTests" time="1.105">
    <system-out><![CDATA[13:10:33.171 [main] INFO org.springframework.test.context.support.AnnotationConfigContextLoaderUtils -- Could not detect default configuration classes for test class [com.olive.TaskmanagerApplicationTests]: TaskmanagerApplicationTests does not declare any static, non-private, non-final, nested classes annotated with @Configuration.
13:10:33.287 [main] INFO org.springframework.boot.test.context.SpringBootTestContextBootstrapper -- Found @SpringBootConfiguration com.olive.TaskmanagerApplication for test class com.olive.TaskmanagerApplicationTests
13:10:33.576 [main] INFO org.springframework.boot.devtools.restart.RestartApplicationListener -- Restart disabled due to context in which it is running

  .   ____          _            __ _ _
 /\\ / ___'_ __ _ _(_)_ __  __ _ \ \ \ \
( ( )\___ | '_ | '_| | '_ \/ _` | \ \ \ \
 \\/  ___)| |_)| | | | | || (_| |  ) ) ) )
  '  |____| .__|_| |_|_| |_\__, | / / / /
 =========|_|==============|___/=/_/_/_/
 :: Spring Boot ::                (v3.2.3)

2025-06-12T13:10:33.954+05:30  INFO 19016 --- [taskmanager] [           main] com.olive.TaskmanagerApplicationTests    : Starting TaskmanagerApplicationTests using Java 17.0.15 with PID 19016 (started by VivekKumarRapaka in D:\workspace\oliveTrackingSystemBackend)
2025-06-12T13:10:33.958+05:30  INFO 19016 --- [taskmanager] [           main] com.olive.TaskmanagerApplicationTests    : No active profile set, falling back to 1 default profile: "default"
2025-06-12T13:10:35.168+05:30  INFO 19016 --- [taskmanager] [           main] .s.d.r.c.RepositoryConfigurationDelegate : Bootstrapping Spring Data JPA repositories in DEFAULT mode.
2025-06-12T13:10:35.324+05:30  INFO 19016 --- [taskmanager] [           main] .s.d.r.c.RepositoryConfigurationDelegate : Finished Spring Data repository scanning in 143 ms. Found 4 JPA repository interfaces.
2025-06-12T13:10:36.398+05:30  INFO 19016 --- [taskmanager] [           main] o.hibernate.jpa.internal.util.LogHelper  : HHH000204: Processing PersistenceUnitInfo [name: default]
2025-06-12T13:10:36.601+05:30  INFO 19016 --- [taskmanager] [           main] org.hibernate.Version                    : HHH000412: Hibernate ORM core version 6.4.4.Final
2025-06-12T13:10:36.676+05:30  INFO 19016 --- [taskmanager] [           main] o.h.c.internal.RegionFactoryInitiator    : HHH000026: Second-level cache disabled
2025-06-12T13:10:37.084+05:30  INFO 19016 --- [taskmanager] [           main] o.s.o.j.p.SpringPersistenceUnitInfo      : No LoadTimeWeaver setup: ignoring JPA class transformer
2025-06-12T13:10:37.172+05:30  INFO 19016 --- [taskmanager] [           main] com.zaxxer.hikari.HikariDataSource       : HikariPool-1 - Starting...
2025-06-12T13:10:37.865+05:30  INFO 19016 --- [taskmanager] [           main] com.zaxxer.hikari.pool.HikariPool        : HikariPool-1 - Added connection ConnectionID:1 ClientConnectionId: 0d2f42b6-a1ef-4f5b-9659-792cfb7be5d2
2025-06-12T13:10:37.866+05:30  INFO 19016 --- [taskmanager] [           main] com.zaxxer.hikari.HikariDataSource       : HikariPool-1 - Start completed.
2025-06-12T13:10:37.958+05:30  WARN 19016 --- [taskmanager] [           main] org.hibernate.orm.deprecation            : HHH90000025: SQLServerDialect does not need to be specified explicitly using 'hibernate.dialect' (remove the property setting and it will be selected by default)
2025-06-12T13:10:40.696+05:30  INFO 19016 --- [taskmanager] [           main] o.h.e.t.j.p.i.JtaPlatformInitiator       : HHH000489: No JTA platform available (set 'hibernate.transaction.jta.platform' to enable JTA platform integration)
Hibernate: 
    create table task_assignments (
        assignment_id bigint identity not null,
        assigned_date date,
        is_active bit,
        task_id bigint not null,
        teammate_id bigint not null,
        primary key (assignment_id)
    )
Hibernate: 
    create table task_stages (
        stage_id int identity not null,
        stage_name varchar(50) not null,
        primary key (stage_id)
    )
Hibernate: 
    create table tasks (
        task_id bigint identity not null,
        description TEXT,
        development_start_date date,
        due_date date,
        is_cmc_done bit,
        is_code_review_done bit,
        is_completed bit,
        issue_type varchar(255),
        received_date date,
        start_date date,
        task_name varchar(255) not null,
        current_stage_id int not null,
        primary key (task_id)
    )
Hibernate: 
    create table teammates (
        teammate_id bigint identity not null,
        availability_status varchar(20) not null,
        email varchar(100),
        name varchar(100) not null,
        primary key (teammate_id)
    )
Hibernate: 
    alter table task_assignments 
       drop constraint if exists UK8ux7v5g7lb1lwgcsml4l55gk3
Hibernate: 
    alter table task_assignments 
       add constraint UK8ux7v5g7lb1lwgcsml4l55gk3 unique (task_id, teammate_id)
Hibernate: 
    alter table task_stages 
       drop constraint if exists UK_4mqugbtbf6srmqqn5v0i3ysmr
Hibernate: 
    alter table task_stages 
       add constraint UK_4mqugbtbf6srmqqn5v0i3ysmr unique (stage_name)
Hibernate: 
    drop index teammates.UK_4tskp6mqssr0yngftlohfgqm8
Hibernate: 
    create unique nonclustered index UK_4tskp6mqssr0yngftlohfgqm8 
       on teammates (email) where email is not null
Hibernate: 
    alter table task_assignments 
       add constraint FKk36vhf9tt6t3woselwnkis6v6 
       foreign key (task_id) 
       references tasks
Hibernate: 
    alter table task_assignments 
       add constraint FKosdjhjcaxk6gojtwcokjr0sr7 
       foreign key (teammate_id) 
       references teammates
Hibernate: 
    alter table tasks 
       add constraint FKh5kuec9o2e0fionr2juy5lesu 
       foreign key (current_stage_id) 
       references task_stages
2025-06-12T13:10:41.924+05:30  INFO 19016 --- [taskmanager] [           main] j.LocalContainerEntityManagerFactoryBean : Initialized JPA EntityManagerFactory for persistence unit 'default'
2025-06-12T13:10:43.427+05:30  WARN 19016 --- [taskmanager] [           main] JpaBaseConfiguration$JpaWebConfiguration : spring.jpa.open-in-view is enabled by default. Therefore, database queries may be performed during view rendering. Explicitly configure spring.jpa.open-in-view to disable this warning
2025-06-12T13:10:44.104+05:30  INFO 19016 --- [taskmanager] [           main] com.olive.TaskmanagerApplicationTests    : Started TaskmanagerApplicationTests in 10.545 seconds (process running for 11.785)
]]></system-out>
  </testcase>
</testsuite>